<?xml version="1.0" encoding="UTF-8"?>
<!-- Generated by org.testng.reporters.JUnitXMLReporter -->
<testsuite hostname="ADAPALEELA-PC" ignored="0" name="Test6" tests="4" failures="0" timestamp="02 Feb 2019 14:43:45 GMT" time="18.681" errors="0">
  <testcase name="launch" time="9.336" classname="tests.Way2smstestng"/>
  <testcase name="login" time="6.748" classname="tests.Way2smstestng"/>
  <testcase name="validateLogin" time="0.114" classname="tests.Way2smstestng"/>
  <testcase name="closeSite" time="2.437" classname="tests.Way2smstestng"/>
</testsuite> <!-- Test6 -->
