<?xml version="1.0" encoding="UTF-8"?>
<!-- Generated by org.testng.reporters.JUnitXMLReporter -->
<testsuite hostname="ADAPALEELA-PC" ignored="0" name="Test1" tests="4" failures="1" timestamp="02 Feb 2019 14:42:18 GMT" time="92.661" errors="0">
  <testcase name="launch" time="73.354" classname="tests.Way2smstestng"/>
  <testcase name="login" time="9.632" classname="tests.Way2smstestng"/>
  <testcase name="validateLogin" time="8.793" classname="tests.Way2smstestng">
    <failure type="java.lang.AssertionError" message="expected [true] but found [false]">
      <![CDATA[java.lang.AssertionError: expected [true] but found [false]
at tests.Way2smstestng.validateLogin(Way2smstestng.java:103)
... Removed 29 stack frames]]>
    </failure>
  </testcase> <!-- validateLogin -->
  <testcase name="closeSite" time="0.702" classname="tests.Way2smstestng"/>
</testsuite> <!-- Test1 -->
