<?xml version="1.0" encoding="UTF-8"?>
<!-- Generated by org.testng.reporters.JUnitXMLReporter -->
<testsuite hostname="ADAPALEELA-PC" ignored="0" name="Test2" tests="4" failures="0" timestamp="02 Feb 2019 14:42:36 GMT" time="18.048" errors="0">
  <testcase name="launch" time="9.33" classname="tests.Way2smstestng"/>
  <testcase name="login" time="6.173" classname="tests.Way2smstestng"/>
  <testcase name="validateLogin" time="0.247" classname="tests.Way2smstestng"/>
  <testcase name="closeSite" time="2.288" classname="tests.Way2smstestng"/>
</testsuite> <!-- Test2 -->
