<?xml version="1.0" encoding="UTF-8"?>
<!-- Generated by org.testng.reporters.JUnitXMLReporter -->
<testsuite hostname="ADAPALEELA-PC" ignored="0" name="Test5" tests="4" failures="0" timestamp="02 Feb 2019 14:43:27 GMT" time="16.915" errors="0">
  <testcase name="launch" time="7.998" classname="tests.Way2smstestng"/>
  <testcase name="login" time="6.533" classname="tests.Way2smstestng"/>
  <testcase name="validateLogin" time="0.159" classname="tests.Way2smstestng"/>
  <testcase name="closeSite" time="2.218" classname="tests.Way2smstestng"/>
</testsuite> <!-- Test5 -->
